<?xml version="1.0" encoding="UTF-8"?>
<testsuite xmlns:xsi="http://www.w3.org/2001/XMLSchema-instance" xsi:noNamespaceSchemaLocation="https://maven.apache.org/surefire/maven-surefire-plugin/xsd/surefire-test-report.xsd" name="org.apache.hadoop.hive.common.TestTezJsonParser" time="0.768" tests="1" errors="0" skipped="0" failures="0">
  <properties>
    <property name="gopherProxySet" value="false"/>
    <property name="build.test.dir" value="/Users/gates/git/hive/common/target/tmp"/>
    <property name="awt.toolkit" value="sun.lwawt.macosx.LWCToolkit"/>
    <property name="test.tmp.dir.uri" value="file:///Users/gates/git/hive/common/target/tmp"/>
    <property name="file.encoding.pkg" value="sun.io"/>
    <property name="java.specification.version" value="1.8"/>
    <property name="log4j.configurationFile" value="file:///Users/gates/git/hive/common/target/testconf/hive-log4j2.properties"/>
    <property name="qfile" value=""/>
    <property name="sun.cpu.isalist" value=""/>
    <property name="test.warehouse.dir" value="pfile:///Users/gates/git/hive/common/target/warehouse"/>
    <property name="sun.jnu.encoding" value="UTF-8"/>
    <property name="java.class.path" value="/Users/gates/git/hive/common/target/test-classes:/Users/gates/git/hive/common/target/classes:/Users/gates/.m2/repository/org/apache/hive/hive-classification/4.0.0-SNAPSHOT/hive-classification-4.0.0-SNAPSHOT.jar:/Users/gates/.m2/repository/org/apache/hive/hive-shims/4.0.0-SNAPSHOT/hive-shims-4.0.0-SNAPSHOT.jar:/Users/gates/.m2/repository/org/apache/hive/shims/hive-shims-common/4.0.0-SNAPSHOT/hive-shims-common-4.0.0-SNAPSHOT.jar:/Users/gates/.m2/repository/org/apache/curator/curator-framework/2.12.0/curator-framework-2.12.0.jar:/Users/gates/.m2/repository/org/apache/hive/shims/hive-shims-0.23/4.0.0-SNAPSHOT/hive-shims-0.23-4.0.0-SNAPSHOT.jar:/Users/gates/.m2/repository/org/apache/hadoop/hadoop-yarn-server-resourcemanager/3.1.0/hadoop-yarn-server-resourcemanager-3.1.0.jar:/Users/gates/.m2/repository/org/apache/hadoop/hadoop-yarn-server-common/3.1.0/hadoop-yarn-server-common-3.1.0.jar:/Users/gates/.m2/repository/org/apache/hadoop/hadoop-yarn-registry/3.1.0/hadoop-yarn-registry-3.1.0.jar:/Users/gates/.m2/repository/commons-daemon/commons-daemon/1.0.13/commons-daemon-1.0.13.jar:/Users/gates/.m2/repository/dnsjava/dnsjava/2.1.7/dnsjava-2.1.7.jar:/Users/gates/.m2/repository/org/apache/geronimo/specs/geronimo-jcache_1.0_spec/1.0-alpha-1/geronimo-jcache_1.0_spec-1.0-alpha-1.jar:/Users/gates/.m2/repository/org/ehcache/ehcache/3.3.1/ehcache-3.3.1.jar:/Users/gates/.m2/repository/com/zaxxer/HikariCP-java7/2.4.12/HikariCP-java7-2.4.12.jar:/Users/gates/.m2/repository/com/microsoft/sqlserver/mssql-jdbc/6.2.1.jre7/mssql-jdbc-6.2.1.jre7.jar:/Users/gates/.m2/repository/org/apache/hadoop/hadoop-yarn-server-applicationhistoryservice/3.1.0/hadoop-yarn-server-applicationhistoryservice-3.1.0.jar:/Users/gates/.m2/repository/commons-collections/commons-collections/3.2.2/commons-collections-3.2.2.jar:/Users/gates/.m2/repository/de/ruedigermoeller/fst/2.50/fst-2.50.jar:/Users/gates/.m2/repository/com/cedarsoftware/java-util/1.9.0/java-util-1.9.0.jar:/Users/gates/.m2/repository/com/cedarsoftware/json-io/2.5.1/json-io-2.5.1.jar:/Users/gates/.m2/repository/org/apache/hadoop/hadoop-yarn-server-web-proxy/3.1.0/hadoop-yarn-server-web-proxy-3.1.0.jar:/Users/gates/.m2/repository/org/fusesource/leveldbjni/leveldbjni-all/1.8/leveldbjni-all-1.8.jar:/Users/gates/.m2/repository/org/apache/hive/shims/hive-shims-scheduler/4.0.0-SNAPSHOT/hive-shims-scheduler-4.0.0-SNAPSHOT.jar:/Users/gates/.m2/repository/org/apache/hive/hive-storage-api/2.7.0-SNAPSHOT/hive-storage-api-2.7.0-SNAPSHOT.jar:/Users/gates/.m2/repository/org/apache/hive/hive-standalone-metastore-common/4.0.0-SNAPSHOT/hive-standalone-metastore-common-4.0.0-SNAPSHOT.jar:/Users/gates/.m2/repository/com/google/guava/guava/19.0/guava-19.0.jar:/Users/gates/.m2/repository/com/google/protobuf/protobuf-java/2.5.0/protobuf-java-2.5.0.jar:/Users/gates/.m2/repository/com/jolbox/bonecp/0.8.0.RELEASE/bonecp-0.8.0.RELEASE.jar:/Users/gates/.m2/repository/com/zaxxer/HikariCP/2.6.1/HikariCP-2.6.1.jar:/Users/gates/.m2/repository/commons-dbcp/commons-dbcp/1.4/commons-dbcp-1.4.jar:/Users/gates/.m2/repository/commons-pool/commons-pool/1.5.4/commons-pool-1.5.4.jar:/Users/gates/.m2/repository/org/antlr/antlr-runtime/3.5.2/antlr-runtime-3.5.2.jar:/Users/gates/.m2/repository/org/apache/derby/derby/10.14.1.0/derby-10.14.1.0.jar:/Users/gates/.m2/repository/org/apache/thrift/libfb303/0.9.3/libfb303-0.9.3.jar:/Users/gates/.m2/repository/org/apache/thrift/libthrift/0.9.3-1/libthrift-0.9.3-1.jar:/Users/gates/.m2/repository/org/apache/httpcomponents/httpclient/4.5.6/httpclient-4.5.6.jar:/Users/gates/.m2/repository/org/apache/httpcomponents/httpcore/4.4.10/httpcore-4.4.10.jar:/Users/gates/.m2/repository/commons-logging/commons-logging/1.1.3/commons-logging-1.1.3.jar:/Users/gates/.m2/repository/commons-cli/commons-cli/1.2/commons-cli-1.2.jar:/Users/gates/.m2/repository/commons-lang/commons-lang/2.6/commons-lang-2.6.jar:/Users/gates/.m2/repository/org/apache/commons/commons-lang3/3.9/commons-lang3-3.9.jar:/Users/gates/.m2/repository/org/apache/orc/orc-core/1.5.6/orc-core-1.5.6.jar:/Users/gates/.m2/repository/org/apache/orc/orc-shims/1.5.6/orc-shims-1.5.6.jar:/Users/gates/.m2/repository/io/airlift/aircompressor/0.10/aircompressor-0.10.jar:/Users/gates/.m2/repository/javax/xml/bind/jaxb-api/2.2.11/jaxb-api-2.2.11.jar:/Users/gates/.m2/repository/org/apache/hadoop/hadoop-hdfs/3.1.0/hadoop-hdfs-3.1.0.jar:/Users/gates/.m2/repository/org/eclipse/jetty/jetty-util-ajax/9.3.19.v20170502/jetty-util-ajax-9.3.19.v20170502.jar:/Users/gates/.m2/repository/io/netty/netty-all/4.1.17.Final/netty-all-4.1.17.Final.jar:/Users/gates/.m2/repository/jline/jline/2.12/jline-2.12.jar:/Users/gates/.m2/repository/javax/servlet/javax.servlet-api/3.1.0/javax.servlet-api-3.1.0.jar:/Users/gates/.m2/repository/org/eclipse/jetty/jetty-http/9.3.27.v20190418/jetty-http-9.3.27.v20190418.jar:/Users/gates/.m2/repository/org/eclipse/jetty/jetty-util/9.3.27.v20190418/jetty-util-9.3.27.v20190418.jar:/Users/gates/.m2/repository/org/eclipse/jetty/jetty-rewrite/9.3.27.v20190418/jetty-rewrite-9.3.27.v20190418.jar:/Users/gates/.m2/repository/org/eclipse/jetty/jetty-client/9.3.27.v20190418/jetty-client-9.3.27.v20190418.jar:/Users/gates/.m2/repository/org/eclipse/jetty/jetty-server/9.3.27.v20190418/jetty-server-9.3.27.v20190418.jar:/Users/gates/.m2/repository/org/eclipse/jetty/jetty-io/9.3.27.v20190418/jetty-io-9.3.27.v20190418.jar:/Users/gates/.m2/repository/org/eclipse/jetty/jetty-servlet/9.3.27.v20190418/jetty-servlet-9.3.27.v20190418.jar:/Users/gates/.m2/repository/org/eclipse/jetty/jetty-security/9.3.27.v20190418/jetty-security-9.3.27.v20190418.jar:/Users/gates/.m2/repository/org/eclipse/jetty/jetty-webapp/9.3.27.v20190418/jetty-webapp-9.3.27.v20190418.jar:/Users/gates/.m2/repository/org/eclipse/jetty/jetty-xml/9.3.27.v20190418/jetty-xml-9.3.27.v20190418.jar:/Users/gates/.m2/repository/joda-time/joda-time/2.9.9/joda-time-2.9.9.jar:/Users/gates/.m2/repository/org/apache/logging/log4j/log4j-1.2-api/2.10.0/log4j-1.2-api-2.10.0.jar:/Users/gates/.m2/repository/org/apache/logging/log4j/log4j-api/2.10.0/log4j-api-2.10.0.jar:/Users/gates/.m2/repository/org/apache/logging/log4j/log4j-core/2.10.0/log4j-core-2.10.0.jar:/Users/gates/.m2/repository/org/apache/logging/log4j/log4j-web/2.10.0/log4j-web-2.10.0.jar:/Users/gates/.m2/repository/org/apache/logging/log4j/log4j-slf4j-impl/2.10.0/log4j-slf4j-impl-2.10.0.jar:/Users/gates/.m2/repository/org/apache/commons/commons-compress/1.18/commons-compress-1.18.jar:/Users/gates/.m2/repository/org/apache/ant/ant/1.9.1/ant-1.9.1.jar:/Users/gates/.m2/repository/org/apache/ant/ant-launcher/1.9.1/ant-launcher-1.9.1.jar:/Users/gates/.m2/repository/org/apache/hadoop/hadoop-common/3.1.0/hadoop-common-3.1.0.jar:/Users/gates/.m2/repository/org/apache/hadoop/hadoop-annotations/3.1.0/hadoop-annotations-3.1.0.jar:/Library/Java/JavaVirtualMachines/jdk1.8.0_192.jdk/Contents/Home/jre/../lib/tools.jar:/Users/gates/.m2/repository/org/apache/commons/commons-math3/3.1.1/commons-math3-3.1.1.jar:/Users/gates/.m2/repository/commons-codec/commons-codec/1.7/commons-codec-1.7.jar:/Users/gates/.m2/repository/commons-io/commons-io/2.4/commons-io-2.4.jar:/Users/gates/.m2/repository/commons-net/commons-net/3.6/commons-net-3.6.jar:/Users/gates/.m2/repository/com/sun/jersey/jersey-core/1.19/jersey-core-1.19.jar:/Users/gates/.m2/repository/javax/ws/rs/jsr311-api/1.1.1/jsr311-api-1.1.1.jar:/Users/gates/.m2/repository/com/sun/jersey/jersey-servlet/1.19/jersey-servlet-1.19.jar:/Users/gates/.m2/repository/com/sun/jersey/jersey-json/1.19/jersey-json-1.19.jar:/Users/gates/.m2/repository/org/codehaus/jettison/jettison/1.1/jettison-1.1.jar:/Users/gates/.m2/repository/com/sun/xml/bind/jaxb-impl/2.2.3-1/jaxb-impl-2.2.3-1.jar:/Users/gates/.m2/repository/org/codehaus/jackson/jackson-core-asl/1.9.2/jackson-core-asl-1.9.2.jar:/Users/gates/.m2/repository/org/codehaus/jackson/jackson-mapper-asl/1.9.2/jackson-mapper-asl-1.9.2.jar:/Users/gates/.m2/repository/org/codehaus/jackson/jackson-jaxrs/1.9.2/jackson-jaxrs-1.9.2.jar:/Users/gates/.m2/repository/org/codehaus/jackson/jackson-xc/1.9.2/jackson-xc-1.9.2.jar:/Users/gates/.m2/repository/com/sun/jersey/jersey-server/1.19/jersey-server-1.19.jar:/Users/gates/.m2/repository/log4j/log4j/1.2.17/log4j-1.2.17.jar:/Users/gates/.m2/repository/commons-beanutils/commons-beanutils/1.9.3/commons-beanutils-1.9.3.jar:/Users/gates/.m2/repository/org/apache/commons/commons-configuration2/2.1.1/commons-configuration2-2.1.1.jar:/Users/gates/.m2/repository/org/apache/avro/avro/1.8.2/avro-1.8.2.jar:/Users/gates/.m2/repository/com/thoughtworks/paranamer/paranamer/2.7/paranamer-2.7.jar:/Users/gates/.m2/repository/org/xerial/snappy/snappy-java/1.1.4/snappy-java-1.1.4.jar:/Users/gates/.m2/repository/org/tukaani/xz/1.5/xz-1.5.jar:/Users/gates/.m2/repository/com/google/re2j/re2j/1.2/re2j-1.2.jar:/Users/gates/.m2/repository/com/google/code/gson/gson/2.2.4/gson-2.2.4.jar:/Users/gates/.m2/repository/org/apache/hadoop/hadoop-auth/3.1.0/hadoop-auth-3.1.0.jar:/Users/gates/.m2/repository/com/nimbusds/nimbus-jose-jwt/4.41.1/nimbus-jose-jwt-4.41.1.jar:/Users/gates/.m2/repository/com/github/stephenc/jcip/jcip-annotations/1.0-1/jcip-annotations-1.0-1.jar:/Users/gates/.m2/repository/net/minidev/json-smart/2.3/json-smart-2.3.jar:/Users/gates/.m2/repository/net/minidev/accessors-smart/1.2/accessors-smart-1.2.jar:/Users/gates/.m2/repository/org/ow2/asm/asm/5.0.4/asm-5.0.4.jar:/Users/gates/.m2/repository/com/jcraft/jsch/0.1.54/jsch-0.1.54.jar:/Users/gates/.m2/repository/org/apache/curator/curator-client/2.12.0/curator-client-2.12.0.jar:/Users/gates/.m2/repository/org/apache/curator/curator-recipes/2.12.0/curator-recipes-2.12.0.jar:/Users/gates/.m2/repository/com/google/code/findbugs/jsr305/3.0.0/jsr305-3.0.0.jar:/Users/gates/.m2/repository/org/apache/htrace/htrace-core4/4.1.0-incubating/htrace-core4-4.1.0-incubating.jar:/Users/gates/.m2/repository/org/apache/zookeeper/zookeeper/3.4.6/zookeeper-3.4.6.jar:/Users/gates/.m2/repository/org/apache/kerby/kerb-simplekdc/1.0.1/kerb-simplekdc-1.0.1.jar:/Users/gates/.m2/repository/org/apache/kerby/kerb-client/1.0.1/kerb-client-1.0.1.jar:/Users/gates/.m2/repository/org/apache/kerby/kerby-config/1.0.1/kerby-config-1.0.1.jar:/Users/gates/.m2/repository/org/apache/kerby/kerb-core/1.0.1/kerb-core-1.0.1.jar:/Users/gates/.m2/repository/org/apache/kerby/kerby-pkix/1.0.1/kerby-pkix-1.0.1.jar:/Users/gates/.m2/repository/org/apache/kerby/kerby-asn1/1.0.1/kerby-asn1-1.0.1.jar:/Users/gates/.m2/repository/org/apache/kerby/kerby-util/1.0.1/kerby-util-1.0.1.jar:/Users/gates/.m2/repository/org/apache/kerby/kerb-common/1.0.1/kerb-common-1.0.1.jar:/Users/gates/.m2/repository/org/apache/kerby/kerb-crypto/1.0.1/kerb-crypto-1.0.1.jar:/Users/gates/.m2/repository/org/apache/kerby/kerb-util/1.0.1/kerb-util-1.0.1.jar:/Users/gates/.m2/repository/org/apache/kerby/token-provider/1.0.1/token-provider-1.0.1.jar:/Users/gates/.m2/repository/org/apache/kerby/kerb-admin/1.0.1/kerb-admin-1.0.1.jar:/Users/gates/.m2/repository/org/apache/kerby/kerb-server/1.0.1/kerb-server-1.0.1.jar:/Users/gates/.m2/repository/org/apache/kerby/kerb-identity/1.0.1/kerb-identity-1.0.1.jar:/Users/gates/.m2/repository/org/apache/kerby/kerby-xdr/1.0.1/kerby-xdr-1.0.1.jar:/Users/gates/.m2/repository/org/codehaus/woodstox/stax2-api/3.1.4/stax2-api-3.1.4.jar:/Users/gates/.m2/repository/com/fasterxml/woodstox/woodstox-core/5.0.3/woodstox-core-5.0.3.jar:/Users/gates/.m2/repository/net/sf/jpam/jpam/1.1/jpam-1.1.jar:/Users/gates/.m2/repository/org/apache/hadoop/hadoop-mapreduce-client-core/3.1.0/hadoop-mapreduce-client-core-3.1.0.jar:/Users/gates/.m2/repository/org/apache/hadoop/hadoop-yarn-client/3.1.0/hadoop-yarn-client-3.1.0.jar:/Users/gates/.m2/repository/org/apache/hadoop/hadoop-yarn-api/3.1.0/hadoop-yarn-api-3.1.0.jar:/Users/gates/.m2/repository/org/apache/hadoop/hadoop-yarn-common/3.1.0/hadoop-yarn-common-3.1.0.jar:/Users/gates/.m2/repository/com/sun/jersey/jersey-client/1.19/jersey-client-1.19.jar:/Users/gates/.m2/repository/com/google/inject/guice/4.0/guice-4.0.jar:/Users/gates/.m2/repository/javax/inject/javax.inject/1/javax.inject-1.jar:/Users/gates/.m2/repository/aopalliance/aopalliance/1.0/aopalliance-1.0.jar:/Users/gates/.m2/repository/com/sun/jersey/contribs/jersey-guice/1.19/jersey-guice-1.19.jar:/Users/gates/.m2/repository/com/fasterxml/jackson/module/jackson-module-jaxb-annotations/2.9.9/jackson-module-jaxb-annotations-2.9.9.jar:/Users/gates/.m2/repository/com/fasterxml/jackson/jaxrs/jackson-jaxrs-json-provider/2.9.9/jackson-jaxrs-json-provider-2.9.9.jar:/Users/gates/.m2/repository/com/fasterxml/jackson/jaxrs/jackson-jaxrs-base/2.9.9/jackson-jaxrs-base-2.9.9.jar:/Users/gates/.m2/repository/org/apache/hadoop/hadoop-hdfs-client/3.1.0/hadoop-hdfs-client-3.1.0.jar:/Users/gates/.m2/repository/com/squareup/okhttp/okhttp/2.7.5/okhttp-2.7.5.jar:/Users/gates/.m2/repository/com/squareup/okio/okio/1.6.0/okio-1.6.0.jar:/Users/gates/.m2/repository/com/google/inject/extensions/guice-servlet/4.0/guice-servlet-4.0.jar:/Users/gates/.m2/repository/io/netty/netty/3.10.5.Final/netty-3.10.5.Final.jar:/Users/gates/.m2/repository/com/google/code/tempus-fugit/tempus-fugit/1.1/tempus-fugit-1.1.jar:/Users/gates/.m2/repository/junit/junit/4.11/junit-4.11.jar:/Users/gates/.m2/repository/org/hamcrest/hamcrest-core/1.3/hamcrest-core-1.3.jar:/Users/gates/.m2/repository/com/lmax/disruptor/3.3.7/disruptor-3.3.7.jar:/Users/gates/.m2/repository/com/tdunning/json/1.8/json-1.8.jar:/Users/gates/.m2/repository/io/dropwizard/metrics/metrics-core/3.1.0/metrics-core-3.1.0.jar:/Users/gates/.m2/repository/io/dropwizard/metrics/metrics-jvm/3.1.0/metrics-jvm-3.1.0.jar:/Users/gates/.m2/repository/io/dropwizard/metrics/metrics-json/3.1.0/metrics-json-3.1.0.jar:/Users/gates/.m2/repository/com/fasterxml/jackson/core/jackson-databind/2.9.9/jackson-databind-2.9.9.jar:/Users/gates/.m2/repository/com/fasterxml/jackson/core/jackson-annotations/2.9.9/jackson-annotations-2.9.9.jar:/Users/gates/.m2/repository/com/fasterxml/jackson/core/jackson-core/2.9.9/jackson-core-2.9.9.jar:/Users/gates/.m2/repository/com/github/joshelser/dropwizard-metrics-hadoop-metrics2-reporter/0.1.2/dropwizard-metrics-hadoop-metrics2-reporter-0.1.2.jar:/Users/gates/.m2/repository/javolution/javolution/5.5.1/javolution-5.5.1.jar:/Users/gates/.m2/repository/org/slf4j/slf4j-api/1.7.10/slf4j-api-1.7.10.jar:/Users/gates/.m2/repository/org/mockito/mockito-core/1.10.19/mockito-core-1.10.19.jar:/Users/gates/.m2/repository/org/objenesis/objenesis/2.1/objenesis-2.1.jar:/Users/gates/git/hive/common/target/testconf:/Users/gates/git/hive/common/../conf:"/>
    <property name="run_disabled" value=""/>
    <property name="java.vm.vendor" value="Oracle Corporation"/>
    <property name="sun.arch.data.model" value="64"/>
    <property name="hadoop.version" value="3.1.0"/>
    <property name="java.vendor.url" value="http://java.oracle.com/"/>
    <property name="user.timezone" value=""/>
    <property name="os.name" value="Mac OS X"/>
    <property name="java.vm.specification.version" value="1.8"/>
    <property name="test.tmp.dir" value="/Users/gates/git/hive/common/target/tmp"/>
    <property name="test.build.data" value="/Users/gates/git/hive/common/target/tmp"/>
    <property name="clustermode" value=""/>
    <property name="sun.java.launcher" value="SUN_STANDARD"/>
    <property name="user.country" value="US"/>
    <property name="test.data.files" value="/Users/gates/git/hive/common/../data/files"/>
    <property name="sun.boot.library.path" value="/Library/Java/JavaVirtualMachines/jdk1.8.0_192.jdk/Contents/Home/jre/lib"/>
    <property name="sun.java.command" value="/Users/gates/git/hive/common/target/surefire/surefirebooter4655516927596731885.jar /Users/gates/git/hive/common/target/surefire 2019-11-26T17-00-08_704-jvmRun1 surefire2108793594805888179tmp surefire_125947582658826929752tmp"/>
    <property name="surefire.test.class.path" value="/Users/gates/git/hive/common/target/test-classes:/Users/gates/git/hive/common/target/classes:/Users/gates/.m2/repository/org/apache/hive/hive-classification/4.0.0-SNAPSHOT/hive-classification-4.0.0-SNAPSHOT.jar:/Users/gates/.m2/repository/org/apache/hive/hive-shims/4.0.0-SNAPSHOT/hive-shims-4.0.0-SNAPSHOT.jar:/Users/gates/.m2/repository/org/apache/hive/shims/hive-shims-common/4.0.0-SNAPSHOT/hive-shims-common-4.0.0-SNAPSHOT.jar:/Users/gates/.m2/repository/org/apache/curator/curator-framework/2.12.0/curator-framework-2.12.0.jar:/Users/gates/.m2/repository/org/apache/hive/shims/hive-shims-0.23/4.0.0-SNAPSHOT/hive-shims-0.23-4.0.0-SNAPSHOT.jar:/Users/gates/.m2/repository/org/apache/hadoop/hadoop-yarn-server-resourcemanager/3.1.0/hadoop-yarn-server-resourcemanager-3.1.0.jar:/Users/gates/.m2/repository/org/apache/hadoop/hadoop-yarn-server-common/3.1.0/hadoop-yarn-server-common-3.1.0.jar:/Users/gates/.m2/repository/org/apache/hadoop/hadoop-yarn-registry/3.1.0/hadoop-yarn-registry-3.1.0.jar:/Users/gates/.m2/repository/commons-daemon/commons-daemon/1.0.13/commons-daemon-1.0.13.jar:/Users/gates/.m2/repository/dnsjava/dnsjava/2.1.7/dnsjava-2.1.7.jar:/Users/gates/.m2/repository/org/apache/geronimo/specs/geronimo-jcache_1.0_spec/1.0-alpha-1/geronimo-jcache_1.0_spec-1.0-alpha-1.jar:/Users/gates/.m2/repository/org/ehcache/ehcache/3.3.1/ehcache-3.3.1.jar:/Users/gates/.m2/repository/com/zaxxer/HikariCP-java7/2.4.12/HikariCP-java7-2.4.12.jar:/Users/gates/.m2/repository/com/microsoft/sqlserver/mssql-jdbc/6.2.1.jre7/mssql-jdbc-6.2.1.jre7.jar:/Users/gates/.m2/repository/org/apache/hadoop/hadoop-yarn-server-applicationhistoryservice/3.1.0/hadoop-yarn-server-applicationhistoryservice-3.1.0.jar:/Users/gates/.m2/repository/commons-collections/commons-collections/3.2.2/commons-collections-3.2.2.jar:/Users/gates/.m2/repository/de/ruedigermoeller/fst/2.50/fst-2.50.jar:/Users/gates/.m2/repository/com/cedarsoftware/java-util/1.9.0/java-util-1.9.0.jar:/Users/gates/.m2/repository/com/cedarsoftware/json-io/2.5.1/json-io-2.5.1.jar:/Users/gates/.m2/repository/org/apache/hadoop/hadoop-yarn-server-web-proxy/3.1.0/hadoop-yarn-server-web-proxy-3.1.0.jar:/Users/gates/.m2/repository/org/fusesource/leveldbjni/leveldbjni-all/1.8/leveldbjni-all-1.8.jar:/Users/gates/.m2/repository/org/apache/hive/shims/hive-shims-scheduler/4.0.0-SNAPSHOT/hive-shims-scheduler-4.0.0-SNAPSHOT.jar:/Users/gates/.m2/repository/org/apache/hive/hive-storage-api/2.7.0-SNAPSHOT/hive-storage-api-2.7.0-SNAPSHOT.jar:/Users/gates/.m2/repository/org/apache/hive/hive-standalone-metastore-common/4.0.0-SNAPSHOT/hive-standalone-metastore-common-4.0.0-SNAPSHOT.jar:/Users/gates/.m2/repository/com/google/guava/guava/19.0/guava-19.0.jar:/Users/gates/.m2/repository/com/google/protobuf/protobuf-java/2.5.0/protobuf-java-2.5.0.jar:/Users/gates/.m2/repository/com/jolbox/bonecp/0.8.0.RELEASE/bonecp-0.8.0.RELEASE.jar:/Users/gates/.m2/repository/com/zaxxer/HikariCP/2.6.1/HikariCP-2.6.1.jar:/Users/gates/.m2/repository/commons-dbcp/commons-dbcp/1.4/commons-dbcp-1.4.jar:/Users/gates/.m2/repository/commons-pool/commons-pool/1.5.4/commons-pool-1.5.4.jar:/Users/gates/.m2/repository/org/antlr/antlr-runtime/3.5.2/antlr-runtime-3.5.2.jar:/Users/gates/.m2/repository/org/apache/derby/derby/10.14.1.0/derby-10.14.1.0.jar:/Users/gates/.m2/repository/org/apache/thrift/libfb303/0.9.3/libfb303-0.9.3.jar:/Users/gates/.m2/repository/org/apache/thrift/libthrift/0.9.3-1/libthrift-0.9.3-1.jar:/Users/gates/.m2/repository/org/apache/httpcomponents/httpclient/4.5.6/httpclient-4.5.6.jar:/Users/gates/.m2/repository/org/apache/httpcomponents/httpcore/4.4.10/httpcore-4.4.10.jar:/Users/gates/.m2/repository/commons-logging/commons-logging/1.1.3/commons-logging-1.1.3.jar:/Users/gates/.m2/repository/commons-cli/commons-cli/1.2/commons-cli-1.2.jar:/Users/gates/.m2/repository/commons-lang/commons-lang/2.6/commons-lang-2.6.jar:/Users/gates/.m2/repository/org/apache/commons/commons-lang3/3.9/commons-lang3-3.9.jar:/Users/gates/.m2/repository/org/apache/orc/orc-core/1.5.6/orc-core-1.5.6.jar:/Users/gates/.m2/repository/org/apache/orc/orc-shims/1.5.6/orc-shims-1.5.6.jar:/Users/gates/.m2/repository/io/airlift/aircompressor/0.10/aircompressor-0.10.jar:/Users/gates/.m2/repository/javax/xml/bind/jaxb-api/2.2.11/jaxb-api-2.2.11.jar:/Users/gates/.m2/repository/org/apache/hadoop/hadoop-hdfs/3.1.0/hadoop-hdfs-3.1.0.jar:/Users/gates/.m2/repository/org/eclipse/jetty/jetty-util-ajax/9.3.19.v20170502/jetty-util-ajax-9.3.19.v20170502.jar:/Users/gates/.m2/repository/io/netty/netty-all/4.1.17.Final/netty-all-4.1.17.Final.jar:/Users/gates/.m2/repository/jline/jline/2.12/jline-2.12.jar:/Users/gates/.m2/repository/javax/servlet/javax.servlet-api/3.1.0/javax.servlet-api-3.1.0.jar:/Users/gates/.m2/repository/org/eclipse/jetty/jetty-http/9.3.27.v20190418/jetty-http-9.3.27.v20190418.jar:/Users/gates/.m2/repository/org/eclipse/jetty/jetty-util/9.3.27.v20190418/jetty-util-9.3.27.v20190418.jar:/Users/gates/.m2/repository/org/eclipse/jetty/jetty-rewrite/9.3.27.v20190418/jetty-rewrite-9.3.27.v20190418.jar:/Users/gates/.m2/repository/org/eclipse/jetty/jetty-client/9.3.27.v20190418/jetty-client-9.3.27.v20190418.jar:/Users/gates/.m2/repository/org/eclipse/jetty/jetty-server/9.3.27.v20190418/jetty-server-9.3.27.v20190418.jar:/Users/gates/.m2/repository/org/eclipse/jetty/jetty-io/9.3.27.v20190418/jetty-io-9.3.27.v20190418.jar:/Users/gates/.m2/repository/org/eclipse/jetty/jetty-servlet/9.3.27.v20190418/jetty-servlet-9.3.27.v20190418.jar:/Users/gates/.m2/repository/org/eclipse/jetty/jetty-security/9.3.27.v20190418/jetty-security-9.3.27.v20190418.jar:/Users/gates/.m2/repository/org/eclipse/jetty/jetty-webapp/9.3.27.v20190418/jetty-webapp-9.3.27.v20190418.jar:/Users/gates/.m2/repository/org/eclipse/jetty/jetty-xml/9.3.27.v20190418/jetty-xml-9.3.27.v20190418.jar:/Users/gates/.m2/repository/joda-time/joda-time/2.9.9/joda-time-2.9.9.jar:/Users/gates/.m2/repository/org/apache/logging/log4j/log4j-1.2-api/2.10.0/log4j-1.2-api-2.10.0.jar:/Users/gates/.m2/repository/org/apache/logging/log4j/log4j-api/2.10.0/log4j-api-2.10.0.jar:/Users/gates/.m2/repository/org/apache/logging/log4j/log4j-core/2.10.0/log4j-core-2.10.0.jar:/Users/gates/.m2/repository/org/apache/logging/log4j/log4j-web/2.10.0/log4j-web-2.10.0.jar:/Users/gates/.m2/repository/org/apache/logging/log4j/log4j-slf4j-impl/2.10.0/log4j-slf4j-impl-2.10.0.jar:/Users/gates/.m2/repository/org/apache/commons/commons-compress/1.18/commons-compress-1.18.jar:/Users/gates/.m2/repository/org/apache/ant/ant/1.9.1/ant-1.9.1.jar:/Users/gates/.m2/repository/org/apache/ant/ant-launcher/1.9.1/ant-launcher-1.9.1.jar:/Users/gates/.m2/repository/org/apache/hadoop/hadoop-common/3.1.0/hadoop-common-3.1.0.jar:/Users/gates/.m2/repository/org/apache/hadoop/hadoop-annotations/3.1.0/hadoop-annotations-3.1.0.jar:/Library/Java/JavaVirtualMachines/jdk1.8.0_192.jdk/Contents/Home/jre/../lib/tools.jar:/Users/gates/.m2/repository/org/apache/commons/commons-math3/3.1.1/commons-math3-3.1.1.jar:/Users/gates/.m2/repository/commons-codec/commons-codec/1.7/commons-codec-1.7.jar:/Users/gates/.m2/repository/commons-io/commons-io/2.4/commons-io-2.4.jar:/Users/gates/.m2/repository/commons-net/commons-net/3.6/commons-net-3.6.jar:/Users/gates/.m2/repository/com/sun/jersey/jersey-core/1.19/jersey-core-1.19.jar:/Users/gates/.m2/repository/javax/ws/rs/jsr311-api/1.1.1/jsr311-api-1.1.1.jar:/Users/gates/.m2/repository/com/sun/jersey/jersey-servlet/1.19/jersey-servlet-1.19.jar:/Users/gates/.m2/repository/com/sun/jersey/jersey-json/1.19/jersey-json-1.19.jar:/Users/gates/.m2/repository/org/codehaus/jettison/jettison/1.1/jettison-1.1.jar:/Users/gates/.m2/repository/com/sun/xml/bind/jaxb-impl/2.2.3-1/jaxb-impl-2.2.3-1.jar:/Users/gates/.m2/repository/org/codehaus/jackson/jackson-core-asl/1.9.2/jackson-core-asl-1.9.2.jar:/Users/gates/.m2/repository/org/codehaus/jackson/jackson-mapper-asl/1.9.2/jackson-mapper-asl-1.9.2.jar:/Users/gates/.m2/repository/org/codehaus/jackson/jackson-jaxrs/1.9.2/jackson-jaxrs-1.9.2.jar:/Users/gates/.m2/repository/org/codehaus/jackson/jackson-xc/1.9.2/jackson-xc-1.9.2.jar:/Users/gates/.m2/repository/com/sun/jersey/jersey-server/1.19/jersey-server-1.19.jar:/Users/gates/.m2/repository/log4j/log4j/1.2.17/log4j-1.2.17.jar:/Users/gates/.m2/repository/commons-beanutils/commons-beanutils/1.9.3/commons-beanutils-1.9.3.jar:/Users/gates/.m2/repository/org/apache/commons/commons-configuration2/2.1.1/commons-configuration2-2.1.1.jar:/Users/gates/.m2/repository/org/apache/avro/avro/1.8.2/avro-1.8.2.jar:/Users/gates/.m2/repository/com/thoughtworks/paranamer/paranamer/2.7/paranamer-2.7.jar:/Users/gates/.m2/repository/org/xerial/snappy/snappy-java/1.1.4/snappy-java-1.1.4.jar:/Users/gates/.m2/repository/org/tukaani/xz/1.5/xz-1.5.jar:/Users/gates/.m2/repository/com/google/re2j/re2j/1.2/re2j-1.2.jar:/Users/gates/.m2/repository/com/google/code/gson/gson/2.2.4/gson-2.2.4.jar:/Users/gates/.m2/repository/org/apache/hadoop/hadoop-auth/3.1.0/hadoop-auth-3.1.0.jar:/Users/gates/.m2/repository/com/nimbusds/nimbus-jose-jwt/4.41.1/nimbus-jose-jwt-4.41.1.jar:/Users/gates/.m2/repository/com/github/stephenc/jcip/jcip-annotations/1.0-1/jcip-annotations-1.0-1.jar:/Users/gates/.m2/repository/net/minidev/json-smart/2.3/json-smart-2.3.jar:/Users/gates/.m2/repository/net/minidev/accessors-smart/1.2/accessors-smart-1.2.jar:/Users/gates/.m2/repository/org/ow2/asm/asm/5.0.4/asm-5.0.4.jar:/Users/gates/.m2/repository/com/jcraft/jsch/0.1.54/jsch-0.1.54.jar:/Users/gates/.m2/repository/org/apache/curator/curator-client/2.12.0/curator-client-2.12.0.jar:/Users/gates/.m2/repository/org/apache/curator/curator-recipes/2.12.0/curator-recipes-2.12.0.jar:/Users/gates/.m2/repository/com/google/code/findbugs/jsr305/3.0.0/jsr305-3.0.0.jar:/Users/gates/.m2/repository/org/apache/htrace/htrace-core4/4.1.0-incubating/htrace-core4-4.1.0-incubating.jar:/Users/gates/.m2/repository/org/apache/zookeeper/zookeeper/3.4.6/zookeeper-3.4.6.jar:/Users/gates/.m2/repository/org/apache/kerby/kerb-simplekdc/1.0.1/kerb-simplekdc-1.0.1.jar:/Users/gates/.m2/repository/org/apache/kerby/kerb-client/1.0.1/kerb-client-1.0.1.jar:/Users/gates/.m2/repository/org/apache/kerby/kerby-config/1.0.1/kerby-config-1.0.1.jar:/Users/gates/.m2/repository/org/apache/kerby/kerb-core/1.0.1/kerb-core-1.0.1.jar:/Users/gates/.m2/repository/org/apache/kerby/kerby-pkix/1.0.1/kerby-pkix-1.0.1.jar:/Users/gates/.m2/repository/org/apache/kerby/kerby-asn1/1.0.1/kerby-asn1-1.0.1.jar:/Users/gates/.m2/repository/org/apache/kerby/kerby-util/1.0.1/kerby-util-1.0.1.jar:/Users/gates/.m2/repository/org/apache/kerby/kerb-common/1.0.1/kerb-common-1.0.1.jar:/Users/gates/.m2/repository/org/apache/kerby/kerb-crypto/1.0.1/kerb-crypto-1.0.1.jar:/Users/gates/.m2/repository/org/apache/kerby/kerb-util/1.0.1/kerb-util-1.0.1.jar:/Users/gates/.m2/repository/org/apache/kerby/token-provider/1.0.1/token-provider-1.0.1.jar:/Users/gates/.m2/repository/org/apache/kerby/kerb-admin/1.0.1/kerb-admin-1.0.1.jar:/Users/gates/.m2/repository/org/apache/kerby/kerb-server/1.0.1/kerb-server-1.0.1.jar:/Users/gates/.m2/repository/org/apache/kerby/kerb-identity/1.0.1/kerb-identity-1.0.1.jar:/Users/gates/.m2/repository/org/apache/kerby/kerby-xdr/1.0.1/kerby-xdr-1.0.1.jar:/Users/gates/.m2/repository/org/codehaus/woodstox/stax2-api/3.1.4/stax2-api-3.1.4.jar:/Users/gates/.m2/repository/com/fasterxml/woodstox/woodstox-core/5.0.3/woodstox-core-5.0.3.jar:/Users/gates/.m2/repository/net/sf/jpam/jpam/1.1/jpam-1.1.jar:/Users/gates/.m2/repository/org/apache/hadoop/hadoop-mapreduce-client-core/3.1.0/hadoop-mapreduce-client-core-3.1.0.jar:/Users/gates/.m2/repository/org/apache/hadoop/hadoop-yarn-client/3.1.0/hadoop-yarn-client-3.1.0.jar:/Users/gates/.m2/repository/org/apache/hadoop/hadoop-yarn-api/3.1.0/hadoop-yarn-api-3.1.0.jar:/Users/gates/.m2/repository/org/apache/hadoop/hadoop-yarn-common/3.1.0/hadoop-yarn-common-3.1.0.jar:/Users/gates/.m2/repository/com/sun/jersey/jersey-client/1.19/jersey-client-1.19.jar:/Users/gates/.m2/repository/com/google/inject/guice/4.0/guice-4.0.jar:/Users/gates/.m2/repository/javax/inject/javax.inject/1/javax.inject-1.jar:/Users/gates/.m2/repository/aopalliance/aopalliance/1.0/aopalliance-1.0.jar:/Users/gates/.m2/repository/com/sun/jersey/contribs/jersey-guice/1.19/jersey-guice-1.19.jar:/Users/gates/.m2/repository/com/fasterxml/jackson/module/jackson-module-jaxb-annotations/2.9.9/jackson-module-jaxb-annotations-2.9.9.jar:/Users/gates/.m2/repository/com/fasterxml/jackson/jaxrs/jackson-jaxrs-json-provider/2.9.9/jackson-jaxrs-json-provider-2.9.9.jar:/Users/gates/.m2/repository/com/fasterxml/jackson/jaxrs/jackson-jaxrs-base/2.9.9/jackson-jaxrs-base-2.9.9.jar:/Users/gates/.m2/repository/org/apache/hadoop/hadoop-hdfs-client/3.1.0/hadoop-hdfs-client-3.1.0.jar:/Users/gates/.m2/repository/com/squareup/okhttp/okhttp/2.7.5/okhttp-2.7.5.jar:/Users/gates/.m2/repository/com/squareup/okio/okio/1.6.0/okio-1.6.0.jar:/Users/gates/.m2/repository/com/google/inject/extensions/guice-servlet/4.0/guice-servlet-4.0.jar:/Users/gates/.m2/repository/io/netty/netty/3.10.5.Final/netty-3.10.5.Final.jar:/Users/gates/.m2/repository/com/google/code/tempus-fugit/tempus-fugit/1.1/tempus-fugit-1.1.jar:/Users/gates/.m2/repository/junit/junit/4.11/junit-4.11.jar:/Users/gates/.m2/repository/org/hamcrest/hamcrest-core/1.3/hamcrest-core-1.3.jar:/Users/gates/.m2/repository/com/lmax/disruptor/3.3.7/disruptor-3.3.7.jar:/Users/gates/.m2/repository/com/tdunning/json/1.8/json-1.8.jar:/Users/gates/.m2/repository/io/dropwizard/metrics/metrics-core/3.1.0/metrics-core-3.1.0.jar:/Users/gates/.m2/repository/io/dropwizard/metrics/metrics-jvm/3.1.0/metrics-jvm-3.1.0.jar:/Users/gates/.m2/repository/io/dropwizard/metrics/metrics-json/3.1.0/metrics-json-3.1.0.jar:/Users/gates/.m2/repository/com/fasterxml/jackson/core/jackson-databind/2.9.9/jackson-databind-2.9.9.jar:/Users/gates/.m2/repository/com/fasterxml/jackson/core/jackson-annotations/2.9.9/jackson-annotations-2.9.9.jar:/Users/gates/.m2/repository/com/fasterxml/jackson/core/jackson-core/2.9.9/jackson-core-2.9.9.jar:/Users/gates/.m2/repository/com/github/joshelser/dropwizard-metrics-hadoop-metrics2-reporter/0.1.2/dropwizard-metrics-hadoop-metrics2-reporter-0.1.2.jar:/Users/gates/.m2/repository/javolution/javolution/5.5.1/javolution-5.5.1.jar:/Users/gates/.m2/repository/org/slf4j/slf4j-api/1.7.10/slf4j-api-1.7.10.jar:/Users/gates/.m2/repository/org/mockito/mockito-core/1.10.19/mockito-core-1.10.19.jar:/Users/gates/.m2/repository/org/objenesis/objenesis/2.1/objenesis-2.1.jar:/Users/gates/git/hive/common/target/testconf:/Users/gates/git/hive/common/../conf:"/>
    <property name="sun.cpu.endian" value="little"/>
    <property name="user.home" value="/Users/gates"/>
    <property name="user.language" value="en"/>
    <property name="java.specification.vendor" value="Oracle Corporation"/>
    <property name="java.home" value="/Library/Java/JavaVirtualMachines/jdk1.8.0_192.jdk/Contents/Home/jre"/>
    <property name="java.security.krb5.conf" value="/Users/gates/git/hive/common/target/testconf/krb5.conf"/>
    <property name="file.separator" value="/"/>
    <property name="basedir" value="/Users/gates/git/hive/common"/>
    <property name="line.separator" value="&#10;"/>
    <property name="java.vm.specification.vendor" value="Oracle Corporation"/>
    <property name="java.specification.name" value="Java Platform API Specification"/>
    <property name="test.dfs.mkdir" value=""/>
    <property name="derby.stream.error.file" value="/Users/gates/git/hive/common/target/tmp/derby.log"/>
    <property name="java.awt.graphicsenv" value="sun.awt.CGraphicsEnvironment"/>
    <property name="surefire.real.class.path" value="/Users/gates/git/hive/common/target/surefire/surefirebooter4655516927596731885.jar"/>
    <property name="sun.boot.class.path" value="/Library/Java/JavaVirtualMachines/jdk1.8.0_192.jdk/Contents/Home/jre/lib/resources.jar:/Library/Java/JavaVirtualMachines/jdk1.8.0_192.jdk/Contents/Home/jre/lib/rt.jar:/Library/Java/JavaVirtualMachines/jdk1.8.0_192.jdk/Contents/Home/jre/lib/sunrsasign.jar:/Library/Java/JavaVirtualMachines/jdk1.8.0_192.jdk/Contents/Home/jre/lib/jsse.jar:/Library/Java/JavaVirtualMachines/jdk1.8.0_192.jdk/Contents/Home/jre/lib/jce.jar:/Library/Java/JavaVirtualMachines/jdk1.8.0_192.jdk/Contents/Home/jre/lib/charsets.jar:/Library/Java/JavaVirtualMachines/jdk1.8.0_192.jdk/Contents/Home/jre/lib/jfr.jar:/Library/Java/JavaVirtualMachines/jdk1.8.0_192.jdk/Contents/Home/jre/classes"/>
    <property name="hadoop.log.dir" value="/Users/gates/git/hive/common/target/tmp"/>
    <property name="log4j.debug" value="true"/>
    <property name="sun.management.compiler" value="HotSpot 64-Bit Tiered Compilers"/>
    <property name="spark.home" value=""/>
    <property name="java.runtime.version" value="1.8.0_192-ea-b04"/>
    <property name="user.name" value="gates"/>
    <property name="java.net.preferIPv4Stack" value="true"/>
    <property name="test.src.tables" value=""/>
    <property name="path.separator" value=":"/>
    <property name="os.version" value="10.12.6"/>
    <property name="java.endorsed.dirs" value="/Library/Java/JavaVirtualMachines/jdk1.8.0_192.jdk/Contents/Home/jre/lib/endorsed"/>
    <property name="java.runtime.name" value="Java(TM) SE Runtime Environment"/>
    <property name="hive.test.console.log.level" value="INFO"/>
    <property name="file.encoding" value="UTF-8"/>
    <property name="java.vm.name" value="Java HotSpot(TM) 64-Bit Server VM"/>
    <property name="qfile_regex" value=""/>
    <property name="hadoop.bin.path" value="/Users/gates/git/hive/common/../testutils/hadoop"/>
    <property name="localRepository" value="/Users/gates/.m2/repository"/>
    <property name="build.dir" value="/Users/gates/git/hive/common/target"/>
    <property name="mapred.job.tracker" value="local"/>
    <property name="java.vendor.url.bug" value="http://bugreport.sun.com/bugreport/"/>
    <property name="java.io.tmpdir" value="/Users/gates/git/hive/common/target/tmp"/>
    <property name="maven.local.repository" value="/Users/gates/.m2/repository"/>
    <property name="java.version" value="1.8.0_192-ea"/>
    <property name="user.dir" value="/Users/gates/git/hive/common"/>
    <property name="os.arch" value="x86_64"/>
    <property name="hive.version" value="4.0.0-SNAPSHOT"/>
    <property name="java.vm.specification.name" value="Java Virtual Machine Specification"/>
    <property name="java.awt.printerjob" value="sun.lwawt.macosx.CPrinterJob"/>
    <property name="antlr.version" value="3.5.2"/>
    <property name="sun.os.patch.level" value="unknown"/>
    <property name="derby.version" value="10.14.1.0"/>
    <property name="test.data.dir" value="/Users/gates/git/hive/common/../data/files"/>
    <property name="java.library.path" value="/Users/gates/Library/Java/Extensions:/Library/Java/Extensions:/Network/Library/Java/Extensions:/System/Library/Java/Extensions:/usr/lib/java:."/>
    <property name="java.vendor" value="Oracle Corporation"/>
    <property name="java.vm.info" value="mixed mode"/>
    <property name="java.vm.version" value="25.192-b04"/>
    <property name="sun.io.unicode.encoding" value="UnicodeBig"/>
    <property name="java.ext.dirs" value="/Users/gates/Library/Java/Extensions:/Library/Java/JavaVirtualMachines/jdk1.8.0_192.jdk/Contents/Home/jre/lib/ext:/Library/Java/Extensions:/Network/Library/Java/Extensions:/System/Library/Java/Extensions:/usr/lib/java"/>
    <property name="initScript" value=""/>
    <property name="java.class.version" value="52.0"/>
    <property name="test.output.overwrite" value=""/>
    <property name="hive.root" value="/Users/gates/git/hive/common/../"/>
  </properties>
  <testcase name="testQuery27" classname="org.apache.hadoop.hive.common.TestTezJsonParser" time="0.692"/>
</testsuite>